Build started 24-Sep-18 10:50:25 PM.
     1>Project "C:\Users\Rajat Hedav\Desktop\PO\array\ArrayCompare\ArrayCompare\ArrayCompare.vcxproj" on node 2 (build target(s)).
     1>InitializeBuildStatus:
         Creating "Debug\ArrayCompare.unsuccessfulbuild" because "AlwaysCreate" was specified.
       ClCompile:
         All outputs are up-to-date.
       ManifestResourceCompile:
         All outputs are up-to-date.
       Link:
         c:\Program Files (x86)\Microsoft Visual Studio 10.0\VC\bin\link.exe /ERRORREPORT:PROMPT /OUT:"C:\Users\Rajat Hedav\Desktop\PO\array\ArrayCompare\Debug\ArrayCompare.exe" /INCREMENTAL /NOLOGO kernel32.lib user32.lib gdi32.lib winspool.lib comdlg32.lib advapi32.lib shell32.lib ole32.lib oleaut32.lib uuid.lib odbc32.lib odbccp32.lib /MANIFEST /ManifestFile:"Debug\ArrayCompare.exe.intermediate.manifest" /MANIFESTUAC:"level='asInvoker' uiAccess='false'" /DEBUG /PDB:"C:\Users\Rajat Hedav\Desktop\PO\array\ArrayCompare\Debug\ArrayCompare.pdb" /SUBSYSTEM:CONSOLE /TLBID:1 /DYNAMICBASE /NXCOMPAT /IMPLIB:"C:\Users\Rajat Hedav\Desktop\PO\array\ArrayCompare\Debug\ArrayCompare.lib" /MACHINE:X86 Debug\ArrayCompare.exe.embed.manifest.res
         Debug\helperfile.obj
         Debug\mainfile.obj
       Manifest:
         C:\Program Files (x86)\Microsoft SDKs\Windows\v7.0A\bin\mt.exe /nologo /verbose /out:"Debug\ArrayCompare.exe.embed.manifest" /manifest Debug\ArrayCompare.exe.intermediate.manifest
         All outputs are up-to-date.
       LinkEmbedManifest:
         All outputs are up-to-date.
         ArrayCompare.vcxproj -> C:\Users\Rajat Hedav\Desktop\PO\array\ArrayCompare\Debug\ArrayCompare.exe
       FinalizeBuildStatus:
         Deleting file "Debug\ArrayCompare.unsuccessfulbuild".
         Touching "Debug\ArrayCompare.lastbuildstate".
     1>Done Building Project "C:\Users\Rajat Hedav\Desktop\PO\array\ArrayCompare\ArrayCompare\ArrayCompare.vcxproj" (build target(s)).

Build succeeded.

Time Elapsed 00:00:00.81
