Build started 27-Sep-18 7:31:00 PM.
     1>Project "C:\Users\Rajat Hedav\Desktop\PO\array\ANSII\ANSII\ANSII.vcxproj" on node 2 (build target(s)).
     1>InitializeBuildStatus:
         Creating "Debug\ANSII.unsuccessfulbuild" because "AlwaysCreate" was specified.
       ClCompile:
         All outputs are up-to-date.
       ManifestResourceCompile:
         All outputs are up-to-date.
       Link:
         c:\Program Files (x86)\Microsoft Visual Studio 10.0\VC\bin\link.exe /ERRORREPORT:PROMPT /OUT:"C:\Users\Rajat Hedav\Desktop\PO\array\ANSII\Debug\ANSII.exe" /INCREMENTAL /NOLOGO kernel32.lib user32.lib gdi32.lib winspool.lib comdlg32.lib advapi32.lib shell32.lib ole32.lib oleaut32.lib uuid.lib odbc32.lib odbccp32.lib /MANIFEST /ManifestFile:"Debug\ANSII.exe.intermediate.manifest" /MANIFESTUAC:"level='asInvoker' uiAccess='false'" /DEBUG /PDB:"C:\Users\Rajat Hedav\Desktop\PO\array\ANSII\Debug\ANSII.pdb" /SUBSYSTEM:CONSOLE /TLBID:1 /DYNAMICBASE /NXCOMPAT /IMPLIB:"C:\Users\Rajat Hedav\Desktop\PO\array\ANSII\Debug\ANSII.lib" /MACHINE:X86 Debug\ANSII.exe.embed.manifest.res
         Debug\mainfile.obj
       Manifest:
         C:\Program Files (x86)\Microsoft SDKs\Windows\v7.0A\bin\mt.exe /nologo /verbose /out:"Debug\ANSII.exe.embed.manifest" /manifest Debug\ANSII.exe.intermediate.manifest
         All outputs are up-to-date.
       LinkEmbedManifest:
         All outputs are up-to-date.
         ANSII.vcxproj -> C:\Users\Rajat Hedav\Desktop\PO\array\ANSII\Debug\ANSII.exe
       FinalizeBuildStatus:
         Deleting file "Debug\ANSII.unsuccessfulbuild".
         Touching "Debug\ANSII.lastbuildstate".
     1>Done Building Project "C:\Users\Rajat Hedav\Desktop\PO\array\ANSII\ANSII\ANSII.vcxproj" (build target(s)).

Build succeeded.

Time Elapsed 00:00:01.71
